Mon, 19 Sep 2016 23:57:44 GMT body-parser deprecated bodyParser: use individual json/urlencoded middlewares at server.js:12:9
Mon, 19 Sep 2016 23:57:44 GMT body-parser deprecated undefined extended: provide extended option at node_modules/body-parser/index.js:105:29
Mongoose: mpromise (mongoose's default promise library) is deprecated, plug in your own promise library instead: http://mongoosejs.com/docs/promises.html
events.js:141
      throw er; // Unhandled 'error' event
      ^

Error: listen EADDRINUSE :::3000
    at Object.exports._errnoException (util.js:870:11)
    at exports._exceptionWithHostPort (util.js:893:20)
    at Server._listen2 (net.js:1234:14)
    at listen (net.js:1270:10)
    at Server.listen (net.js:1366:5)
    at EventEmitter.listen (/root/www/when-should-i-leave-work/node_modules/express/lib/application.js:617:24)
    at Object.<anonymous> (/root/www/when-should-i-leave-work/server.js:36:5)
    at Module._compile (module.js:409:26)
    at Object.Module._extensions..js (module.js:416:10)
    at Module.load (module.js:343:32)
    at Function.Module._load (module.js:300:12)
    at Function.Module.runMain (module.js:441:10)
    at startup (node.js:139:18)
    at node.js:968:3
Mon, 19 Sep 2016 23:57:44 GMT body-parser deprecated bodyParser: use individual json/urlencoded middlewares at server.js:12:9
Mon, 19 Sep 2016 23:57:44 GMT body-parser deprecated undefined extended: provide extended option at node_modules/body-parser/index.js:105:29
Mongoose: mpromise (mongoose's default promise library) is deprecated, plug in your own promise library instead: http://mongoosejs.com/docs/promises.html
events.js:141
      throw er; // Unhandled 'error' event
      ^

Error: listen EADDRINUSE :::3000
    at Object.exports._errnoException (util.js:870:11)
    at exports._exceptionWithHostPort (util.js:893:20)
    at Server._listen2 (net.js:1234:14)
    at listen (net.js:1270:10)
    at Server.listen (net.js:1366:5)
    at EventEmitter.listen (/root/www/when-should-i-leave-work/node_modules/express/lib/application.js:617:24)
    at Object.<anonymous> (/root/www/when-should-i-leave-work/server.js:36:5)
    at Module._compile (module.js:409:26)
    at Object.Module._extensions..js (module.js:416:10)
    at Module.load (module.js:343:32)
    at Function.Module._load (module.js:300:12)
    at Function.Module.runMain (module.js:441:10)
    at startup (node.js:139:18)
    at node.js:968:3
